make all --print-data-base --no-builtin-variables --no-builtin-rules --question
# GNU Make 3.81
# Copyright (C) 2006  Free Software Foundation, Inc.
# This is free software; see the source for copying conditions.
# There is NO warranty; not even for MERCHANTABILITY or FITNESS FOR A
# PARTICULAR PURPOSE.
 

# This program built for i386-apple-darwin11.3.0
 

# Make data base, printed on Thu Dec 16 23:11:06 2021

# Variables

# automatic
<D = $(patsubst %/,%,$(dir $<))
# automatic
?F = $(notdir $?)
# environment
VSCODE_LOG_NATIVE = false
# automatic
?D = $(patsubst %/,%,$(dir $?))
# automatic
@D = $(patsubst %/,%,$(dir $@))
# automatic
@F = $(notdir $@)
# makefile
CURDIR := /Users/mateusz/Desktop/Classes/ECE264/Assigments/hw-14-huffman-encoding-RomanczuG
# makefile
SHELL = /bin/sh
# environment
VSCODE_NLS_CONFIG = {"locale":"en-us","availableLanguages":{},"_languagePackSupport":true}
# environment
_ = /usr/bin/make
# makefile (from `Makefile', line 1)
CFLAGS = -std=c99 -g -Wall -Wshadow --pedantic -Wvla -Werror
# makefile (from `Makefile', line 5)
HDRS = huffman.h sorted.h
# makefile (from `Makefile', line 1)
MAKEFILE_LIST :=  Makefile
# makefile (from `Makefile', line 2)
GCC = gcc $(CFLAGS)
# environment
VSCODE_VERBOSE_LOGGING = true
# environment
__CFBundleIdentifier = com.microsoft.VSCode
# environment
INFOPATH = /opt/homebrew/share/info:
# environment
VSCODE_IPC_HOOK_EXTHOST = /var/folders/71/xjsp283n5qd5xxy2wbyfbtz80000gn/T/vscode-ipc-3fdc0f91-7380-4153-8c0a-73db852ae2ea.sock
# environment
VSCODE_CWD = /
# makefile (from `Makefile', line 6)
VALGRIND = valgrind --tool=memcheck --leak-check=yes --verbose
# environment
PATH = /opt/homebrew/bin:/opt/homebrew/sbin:/usr/local/bin:/usr/bin:/bin:/usr/sbin:/sbin:/Library/TeX/texbin:/Library/Apple/usr/bin
# environment
VSCODE_LOG_STACK = false
# environment
ELECTRON_RUN_AS_NODE = 1
# default
.FEATURES := target-specific order-only second-expansion else-if archives jobserver check-symlink
# environment
SSH_AUTH_SOCK = /private/tmp/com.apple.launchd.P7ZM9nTAJz/Listeners
# automatic
%F = $(notdir $%)
# environment
VSCODE_PIPE_LOGGING = true
# makefile (from `Makefile', line 4)
OBJS = hw14.o sorted.o huffman.o
# environment
PWD = /Users/mateusz/Desktop/Classes/ECE264/Assigments/hw-14-huffman-encoding-RomanczuG
# environment
HOMEBREW_CELLAR = /opt/homebrew/Cellar
# environment
ORIGINAL_XDG_CURRENT_DESKTOP = undefined
# environment
MANPATH = /opt/homebrew/share/man::
# environment
VSCODE_AMD_ENTRYPOINT = vs/workbench/services/extensions/node/extensionHostProcess
# environment
HOME = /Users/mateusz
# default
MAKEFILEPATH := /Applications/Xcode.app/Contents/Developer/Makefiles
# environment
VSCODE_CODE_CACHE_PATH = /Users/mateusz/Library/Application Support/Code/CachedData/ccbaa2d27e38e5afa3e5c21c1c7bef4657064247
# environment
LOGNAME = mateusz
# environment
APPLICATION_INSIGHTS_NO_DIAGNOSTIC_CHANNEL = true
# environment
VSCODE_HANDLES_UNCAUGHT_ERRORS = true
# automatic
^D = $(patsubst %/,%,$(dir $^))
# environment
XPC_FLAGS = 0x0
# default
MAKE = $(MAKE_COMMAND)
# default
 
MAKECMDGOALS := all
# environment
SHLVL = 1
# makefile (from `Makefile', line 3)
EXEC = hw14
# default
MAKE_VERSION := 3.81
# environment
USER = mateusz
# makefile
.DEFAULT_GOAL := hw14
# automatic
%D = $(patsubst %/,%,$(dir $%))
# default
MAKE_COMMAND := /Applications/Xcode.app/Contents/Developer/usr/bin/make
# default
.VARIABLES := 
# environment
TMPDIR = /var/folders/71/xjsp283n5qd5xxy2wbyfbtz80000gn/T/
# automatic
*F = $(notdir $*)
# environment
VSCODE_IPC_HOOK = /Users/mateusz/Library/Application Support/Code/1.62.3-main.sock
# makefile
MAKEFLAGS = Rrqp
# environment
MFLAGS = -Rrqp
# automatic
*D = $(patsubst %/,%,$(dir $*))
# environment
HOMEBREW_SHELLENV_PREFIX = /opt/homebrew
# environment
XPC_SERVICE_NAME = application.com.microsoft.VSCode.14713454.14713460
# environment
HOMEBREW_PREFIX = /opt/homebrew
# automatic
+D = $(patsubst %/,%,$(dir $+))
# makefile (from `Makefile', line 7)
INPUT_DIR = ./inputs
# automatic
+F = $(notdir $+)
# environment
HOMEBREW_REPOSITORY = /opt/homebrew
# environment
__CF_USER_TEXT_ENCODING = 0x1F5:0x0:0x0
# environment
COMMAND_MODE = unix2003
# default
MAKEFILES := 
# automatic
<F = $(notdir $<)
# environment
LC_ALL = C
# automatic
^F = $(notdir $^)
# default
SUFFIXES := 
# default
.INCLUDE_DIRS = /usr/local/include
# environment
MAKELEVEL := 0
# environment
LANG = C
# makefile (from `Makefile', line 8)
EXPECTED_DIR = ./expected
# environment
VSCODE_PID = 70662
# variable set hash-table stats:
# Load=76/1024=7%, Rehash=0, Collisions=7/111=6%

# Pattern-specific Variable Values

# No pattern-specific variable values.

# Directories

# . (device 16777232, inode 18177373): 13 files, no impossibilities.

# 13 files, no impossibilities in 1 directories.

# Implicit Rules

%.o: %.c
#  commands to execute (from `Makefile', line 26):
	$(GCC) -c $<
	

# 1 implicit rules, 0 (0.0%) terminal.

# Files

# Not a target:
sorted.h:
#  Implicit rule search has not been done.
#  Modification time never checked.
#  File has not been updated.

hw14: hw14.o sorted.o huffman.o huffman.h sorted.h
#  Implicit rule search has not been done.
#  Modification time never checked.
#  File has not been updated.
#  commands to execute (from `Makefile', line 11):
	$(GCC) $(OBJS) -o $(EXEC)
	

all: hw14.o sorted.o huffman.o huffman.h sorted.h
#  Command-line target.
#  Implicit rule search has not been done.
#  File does not exist.
#  File has been updated.
#  Needs to be updated (-q is set).
# variable set hash-table stats:
# Load=0/32=0%, Rehash=0, Collisions=0/4=0%
#  commands to execute (from `Makefile', line 15):
	$(GCC) $(OBJS) -o $(EXEC)
	

hw14.o: hw14.c
#  Implicit rule search has been done.
#  Implicit/static pattern stem: `hw14'
#  File does not exist.
#  File has been updated.
#  Needs to be updated (-q is set).
# automatic
# @ := hw14.o
# automatic
# % := 
# automatic
# * := hw14
# automatic
# + := hw14.c
# automatic
# | := 
# automatic
# < := hw14.c
# automatic
# ^ := hw14.c
# automatic
# ? := hw14.c
# variable set hash-table stats:
# Load=8/32=25%, Rehash=0, Collisions=1/13=8%
#  commands to execute (from `Makefile', line 26):
	$(GCC) -c $<
	

 
testmemory: hw14
#  Implicit rule search has not been done.
#  Modification time never checked.
#  File has not been updated.
#  commands to execute (from `Makefile', line 23):
	$(foreach file, $(wildcard $(INPUT_DIR)/*), $(VALGRIND) --log-file=$(file).log ./$(EXEC) $(file) $(file)_sorted $(file)_huffman $(file)_header;)
	

# Not a target:
huffman.o:
#  Implicit rule search has not been done.
#  Modification time never checked.
#  File has not been updated.

# Not a target:
.SUFFIXES:
#  Implicit rule search has not been done.
#  Modification time never checked.
#  File has not been updated.

# Not a target:
Makefile:
#  Implicit rule search has been done.
#  Last modified 2021-12-16 23:10:54
#  File has been updated.
#  Successfully updated.
# variable set hash-table stats:
# Load=0/32=0%, Rehash=0, Collisions=0/0=0%

test: hw14
#  Implicit rule search has not been done.
#  Modification time never checked.
#  File has not been updated.
#  commands to execute (from `Makefile', line 19):
	$(foreach file, $(wildcard $(INPUT_DIR)/*), ./$(EXEC) $(file) $(file)_sorted $(file)_huffman $(file)_header;)
	for file in $(shell ls ${EXPECTED_DIR}); do diff -q ${EXPECTED_DIR}/$${file} ${INPUT_DIR}/$${file}; done
	

# Not a target:
hw14.c:
#  Implicit rule search has been done.
#  Last modified 2021-12-16 22:48:48
#  File has been updated.
#  Successfully updated.
# variable set hash-table stats:
# Load=0/32=0%, Rehash=0, Collisions=0/0=0%

# Not a target:
sorted.o:
#  Implicit rule search has not been done.
#  Modification time never checked.
#  File has not been updated.

# Not a target:
.DEFAULT:
#  Implicit rule search has not been done.
#  Modification time never checked.
#  File has not been updated.

clean:
#  Implicit rule search has not been done.
#  Modification time never checked.
#  File has not been updated.
#  commands to execute (from `Makefile', line 29):
	/bin/rm -f *.o
	/bin/rm -f $(EXEC)
	/bin/rm -f log? ./outputs/*header ./outputs/*huffman ./outputs/*sorted
	/bin/rm -f log? ./inputs/*header ./inputs/*huffman ./inputs/*sorted ./inputs/*.log
	

# Not a target:
huffman.h:
#  Implicit rule search has not been done.
#  Modification time never checked.
#  File has not been updated.

# files hash-table stats:
# Load=14/1024=1%, Rehash=0, Collisions=0/42=0%
# VPATH Search Paths

# No `vpath' search paths.

# No general (`VPATH' variable) search path.

# # of strings in strcache: 1
# # of strcache buffers: 1
# strcache size: total = 4096 / max = 4096 / min = 4096 / avg = 4096
# strcache free: total = 4087 / max = 4087 / min = 4087 / avg = 4087

# Finished Make data base on Thu Dec 16 23:11:06 2021

 
